2025-04-11T16:32:35.851+0530 [DEBUG] sdk.helper_resource: Starting TestCase: test_name=TestAccResourceOktaAppUserSchemas_crud
2025-04-11T16:32:35.851+0530 [DEBUG] sdk.helper_resource: Calling TestCase PreCheck: test_name=TestAccResourceOktaAppUserSchemas_crud
2025-04-11T16:32:35.851+0530 [DEBUG] sdk.helper_resource: Called TestCase PreCheck: test_name=TestAccResourceOktaAppUserSchemas_crud
2025-04-11T16:32:35.851+0530 [DEBUG] sdk.helper_resource: Found Terraform CLI: test_terraform_path=/usr/local/bin/terraform test_name=TestAccResourceOktaAppUserSchemas_crud
2025-04-11T16:32:35.877+0530 [DEBUG] sdk.helper_resource: Creating sdkv2 provider instance: test_name=TestAccResourceOktaAppUserSchemas_crud test_terraform_path=/usr/local/bin/terraform test_working_directory=/var/folders/tr/lqmnj19d61l90sn6d14xhjtc0000gp/T/plugintest2862625291 tf_provider_addr=registry.terraform.io/hashicorp/okta
2025-04-11T16:32:35.877+0530 [DEBUG] sdk.helper_resource: Created sdkv2 provider instance: test_terraform_path=/usr/local/bin/terraform test_working_directory=/var/folders/tr/lqmnj19d61l90sn6d14xhjtc0000gp/T/plugintest2862625291 test_name=TestAccResourceOktaAppUserSchemas_crud tf_provider_addr=registry.terraform.io/hashicorp/okta
2025-04-11T16:32:35.877+0530 [DEBUG] sdk.helper_resource: Starting sdkv2 provider instance server: test_terraform_path=/usr/local/bin/terraform tf_provider_addr=registry.terraform.io/hashicorp/okta test_working_directory=/var/folders/tr/lqmnj19d61l90sn6d14xhjtc0000gp/T/plugintest2862625291 test_name=TestAccResourceOktaAppUserSchemas_crud
2025-04-11T16:32:35.878+0530 [DEBUG] sdk.helper_resource: Started sdkv2 provider instance server: test_terraform_path=/usr/local/bin/terraform test_working_directory=/var/folders/tr/lqmnj19d61l90sn6d14xhjtc0000gp/T/plugintest2862625291 test_name=TestAccResourceOktaAppUserSchemas_crud tf_provider_addr=registry.terraform.io/hashicorp/okta
2025-04-11T16:32:35.903+0530 [DEBUG] sdk.helper_resource: Stopping providers: test_name=TestAccResourceOktaAppUserSchemas_crud test_terraform_path=/usr/local/bin/terraform test_working_directory=/var/folders/tr/lqmnj19d61l90sn6d14xhjtc0000gp/T/plugintest2862625291
2025-04-11T16:32:35.904+0530 [DEBUG] sdk.helper_resource: Starting TestSteps: test_name=TestAccResourceOktaAppUserSchemas_crud test_terraform_path=/usr/local/bin/terraform test_working_directory=/var/folders/tr/lqmnj19d61l90sn6d14xhjtc0000gp/T/plugintest2862625291
2025-04-11T16:32:35.904+0530 [DEBUG] sdk.helper_resource: Starting TestStep: test_working_directory=/var/folders/tr/lqmnj19d61l90sn6d14xhjtc0000gp/T/plugintest2862625291 test_name=TestAccResourceOktaAppUserSchemas_crud test_terraform_path=/usr/local/bin/terraform test_step_number=1
2025-04-11T16:32:35.904+0530 [DEBUG] sdk.helper_resource: Creating sdkv2 provider instance: test_terraform_path=/usr/local/bin/terraform test_step_number=1 tf_provider_addr=registry.terraform.io/hashicorp/okta test_working_directory=/var/folders/tr/lqmnj19d61l90sn6d14xhjtc0000gp/T/plugintest2862625291 test_name=TestAccResourceOktaAppUserSchemas_crud
2025-04-11T16:32:35.904+0530 [DEBUG] sdk.helper_resource: Created sdkv2 provider instance: test_name=TestAccResourceOktaAppUserSchemas_crud test_terraform_path=/usr/local/bin/terraform test_step_number=1 tf_provider_addr=registry.terraform.io/hashicorp/okta test_working_directory=/var/folders/tr/lqmnj19d61l90sn6d14xhjtc0000gp/T/plugintest2862625291
2025-04-11T16:32:35.904+0530 [DEBUG] sdk.helper_resource: Starting sdkv2 provider instance server: test_terraform_path=/usr/local/bin/terraform test_step_number=1 tf_provider_addr=registry.terraform.io/hashicorp/okta test_working_directory=/var/folders/tr/lqmnj19d61l90sn6d14xhjtc0000gp/T/plugintest2862625291 test_name=TestAccResourceOktaAppUserSchemas_crud
2025-04-11T16:32:35.904+0530 [DEBUG] sdk.helper_resource: Started sdkv2 provider instance server: test_terraform_path=/usr/local/bin/terraform test_step_number=1 test_working_directory=/var/folders/tr/lqmnj19d61l90sn6d14xhjtc0000gp/T/plugintest2862625291 test_name=TestAccResourceOktaAppUserSchemas_crud tf_provider_addr=registry.terraform.io/hashicorp/okta
2025/04/11 16:32:35 [INFO] Initializing Okta client
2025/04/11 16:32:35 [DEBUG] Okta API Request Details:
---[ REQUEST ]---------------------------------------
GET /api/v1/users/me HTTP/1.1
Host: dev-60385046.okta.com
User-Agent: okta-sdk-golang/4.1.1 golang/go1.24.0 darwin/arm64 okta-terraform/4.16.0
Accept: application/json
Authorization: SSWS 00xdaEX_-b5xknUrgW_w5yztgKTWPEkeZ1tPOHejBv
Accept-Encoding: gzip


-----------------------------------------------------
2025/04/11 16:32:37 [DEBUG] Okta API Response Details:
---[ RESPONSE ]--------------------------------------
HTTP/2.0 401 Unauthorized
Connection: close
Content-Type: application/json
Date: Fri, 11 Apr 2025 11:02:37 GMT
P3p: CP="HONK"
Server: nginx
Set-Cookie: sid="";Version=1;Path=/;Max-Age=0
Set-Cookie: xids="";Version=1;Path=/;Max-Age=0
Set-Cookie: autolaunch_triggered=""; Expires=Thu, 01 Jan 1970 00:00:10 GMT; Path=/
Set-Cookie: activate_ca_modal_triggered=""; Expires=Thu, 01 Jan 1970 00:00:10 GMT; Path=/
Strict-Transport-Security: max-age=315360000; includeSubDomains
Www-Authenticate: SSWS
X-Content-Type-Options: nosniff
X-Okta-Request-Id: 0c841d2a92f9042c6c9a076896ab94c4
X-Xss-Protection: 0

{
 "errorCode": "E0000011",
 "errorSummary": "Invalid token provided",
 "errorLink": "E0000011",
 "errorId": "oaefxVVQyCiQBaDKdas8UkUuw",
 "errorCauses": []
}
-----------------------------------------------------
2025-04-11T16:32:37.065+0530 [ERROR] sdk.proto: Response contains error diagnostic: tf_provider_addr=registry.terraform.io/hashicorp/okta tf_rpc=Configure diagnostic_detail="" diagnostic_severity=ERROR diagnostic_summary="[ERROR] failed validate configuration: error with v3 SDK client: 401 Unauthorized" tf_proto_version=5.8 tf_req_id=f7a5042c-5056-d4f1-cb00-3823dd47a65f
2025-04-11T16:32:37.075+0530 [WARN]  sdk.helper_resource: Error running Terraform CLI command: test_terraform_path=/usr/local/bin/terraform test_step_number=1
  error=
  | exit status 1
  | 
  | Error: Invalid provider configuration
  | 
  | Provider "registry.terraform.io/hashicorp/okta" requires explicit
  | configuration. Add a provider block to the root module and configure the
  | provider's required arguments as described in the provider documentation.
  | 
  | 
  | Error: [ERROR] failed validate configuration: error with v3 SDK client: 401 Unauthorized
  | 
  |   with provider["registry.terraform.io/hashicorp/okta"],
  |   on <empty> line 0:
  |   (source code not available)
  | 
   test_working_directory=/var/folders/tr/lqmnj19d61l90sn6d14xhjtc0000gp/T/plugintest2862625291 test_name=TestAccResourceOktaAppUserSchemas_crud
2025-04-11T16:32:37.075+0530 [DEBUG] sdk.helper_resource: Stopping providers: test_working_directory=/var/folders/tr/lqmnj19d61l90sn6d14xhjtc0000gp/T/plugintest2862625291 test_name=TestAccResourceOktaAppUserSchemas_crud test_terraform_path=/usr/local/bin/terraform test_step_number=1
2025-04-11T16:32:37.076+0530 [DEBUG] sdk.helper_resource: Calling TestCase ErrorCheck: test_step_number=1 test_working_directory=/var/folders/tr/lqmnj19d61l90sn6d14xhjtc0000gp/T/plugintest2862625291 test_name=TestAccResourceOktaAppUserSchemas_crud test_terraform_path=/usr/local/bin/terraform
2025-04-11T16:32:37.076+0530 [DEBUG] sdk.helper_resource: Called TestCase ErrorCheck: test_name=TestAccResourceOktaAppUserSchemas_crud test_terraform_path=/usr/local/bin/terraform test_step_number=1 test_working_directory=/var/folders/tr/lqmnj19d61l90sn6d14xhjtc0000gp/T/plugintest2862625291
2025-04-11T16:32:37.076+0530 [ERROR] sdk.helper_resource: Unexpected error: test_working_directory=/var/folders/tr/lqmnj19d61l90sn6d14xhjtc0000gp/T/plugintest2862625291 test_name=TestAccResourceOktaAppUserSchemas_crud test_terraform_path=/usr/local/bin/terraform test_step_number=1
  error=
  | Error running pre-apply refresh: exit status 1
  | 
  | Error: Invalid provider configuration
  | 
  | Provider "registry.terraform.io/hashicorp/okta" requires explicit
  | configuration. Add a provider block to the root module and configure the
  | provider's required arguments as described in the provider documentation.
  | 
  | 
  | Error: [ERROR] failed validate configuration: error with v3 SDK client: 401 Unauthorized
  | 
  |   with provider["registry.terraform.io/hashicorp/okta"],
  |   on <empty> line 0:
  |   (source code not available)
  | 
  
2025-04-11T16:32:37.076+0530 [DEBUG] sdk.helper_resource: Creating sdkv2 provider instance: test_working_directory=/var/folders/tr/lqmnj19d61l90sn6d14xhjtc0000gp/T/plugintest2862625291 test_name=TestAccResourceOktaAppUserSchemas_crud test_terraform_path=/usr/local/bin/terraform test_step_number=1 tf_provider_addr=registry.terraform.io/hashicorp/okta
2025-04-11T16:32:37.076+0530 [DEBUG] sdk.helper_resource: Created sdkv2 provider instance: test_terraform_path=/usr/local/bin/terraform test_step_number=1 test_working_directory=/var/folders/tr/lqmnj19d61l90sn6d14xhjtc0000gp/T/plugintest2862625291 test_name=TestAccResourceOktaAppUserSchemas_crud tf_provider_addr=registry.terraform.io/hashicorp/okta
2025-04-11T16:32:37.076+0530 [DEBUG] sdk.helper_resource: Starting sdkv2 provider instance server: test_terraform_path=/usr/local/bin/terraform test_step_number=1 tf_provider_addr=registry.terraform.io/hashicorp/okta test_working_directory=/var/folders/tr/lqmnj19d61l90sn6d14xhjtc0000gp/T/plugintest2862625291 test_name=TestAccResourceOktaAppUserSchemas_crud
2025-04-11T16:32:37.077+0530 [DEBUG] sdk.helper_resource: Started sdkv2 provider instance server: test_working_directory=/var/folders/tr/lqmnj19d61l90sn6d14xhjtc0000gp/T/plugintest2862625291 test_name=TestAccResourceOktaAppUserSchemas_crud test_terraform_path=/usr/local/bin/terraform test_step_number=1 tf_provider_addr=registry.terraform.io/hashicorp/okta
2025-04-11T16:32:37.119+0530 [DEBUG] sdk.helper_resource: Stopping providers: test_step_number=1 test_working_directory=/var/folders/tr/lqmnj19d61l90sn6d14xhjtc0000gp/T/plugintest2862625291 test_name=TestAccResourceOktaAppUserSchemas_crud test_terraform_path=/usr/local/bin/terraform
2025-04-11T16:32:43.104+0530 [DEBUG] sdk.helper_resource: Starting TestCase: test_name=TestAccResourceOktaAppUserSchemas_crud
2025-04-11T16:32:43.105+0530 [DEBUG] sdk.helper_resource: Calling TestCase PreCheck: test_name=TestAccResourceOktaAppUserSchemas_crud
2025-04-11T16:32:43.105+0530 [DEBUG] sdk.helper_resource: Called TestCase PreCheck: test_name=TestAccResourceOktaAppUserSchemas_crud
2025-04-11T16:32:43.105+0530 [DEBUG] sdk.helper_resource: Found Terraform CLI: test_name=TestAccResourceOktaAppUserSchemas_crud test_terraform_path=/usr/local/bin/terraform
2025-04-11T16:32:43.134+0530 [DEBUG] sdk.helper_resource: Creating sdkv2 provider instance: test_terraform_path=/usr/local/bin/terraform test_name=TestAccResourceOktaAppUserSchemas_crud tf_provider_addr=registry.terraform.io/hashicorp/okta test_working_directory=/var/folders/tr/lqmnj19d61l90sn6d14xhjtc0000gp/T/plugintest3634335605
2025-04-11T16:32:43.134+0530 [DEBUG] sdk.helper_resource: Created sdkv2 provider instance: test_name=TestAccResourceOktaAppUserSchemas_crud test_working_directory=/var/folders/tr/lqmnj19d61l90sn6d14xhjtc0000gp/T/plugintest3634335605 tf_provider_addr=registry.terraform.io/hashicorp/okta test_terraform_path=/usr/local/bin/terraform
2025-04-11T16:32:43.134+0530 [DEBUG] sdk.helper_resource: Starting sdkv2 provider instance server: test_name=TestAccResourceOktaAppUserSchemas_crud test_working_directory=/var/folders/tr/lqmnj19d61l90sn6d14xhjtc0000gp/T/plugintest3634335605 tf_provider_addr=registry.terraform.io/hashicorp/okta test_terraform_path=/usr/local/bin/terraform
2025-04-11T16:32:43.135+0530 [DEBUG] sdk.helper_resource: Started sdkv2 provider instance server: test_name=TestAccResourceOktaAppUserSchemas_crud test_working_directory=/var/folders/tr/lqmnj19d61l90sn6d14xhjtc0000gp/T/plugintest3634335605 test_terraform_path=/usr/local/bin/terraform tf_provider_addr=registry.terraform.io/hashicorp/okta
2025-04-11T16:32:43.162+0530 [DEBUG] sdk.helper_resource: Stopping providers: test_working_directory=/var/folders/tr/lqmnj19d61l90sn6d14xhjtc0000gp/T/plugintest3634335605 test_terraform_path=/usr/local/bin/terraform test_name=TestAccResourceOktaAppUserSchemas_crud
2025-04-11T16:32:43.162+0530 [DEBUG] sdk.helper_resource: Starting TestSteps: test_terraform_path=/usr/local/bin/terraform test_name=TestAccResourceOktaAppUserSchemas_crud test_working_directory=/var/folders/tr/lqmnj19d61l90sn6d14xhjtc0000gp/T/plugintest3634335605
2025-04-11T16:32:43.162+0530 [DEBUG] sdk.helper_resource: Starting TestStep: test_step_number=1 test_working_directory=/var/folders/tr/lqmnj19d61l90sn6d14xhjtc0000gp/T/plugintest3634335605 test_terraform_path=/usr/local/bin/terraform test_name=TestAccResourceOktaAppUserSchemas_crud
2025-04-11T16:32:43.162+0530 [DEBUG] sdk.helper_resource: Creating sdkv2 provider instance: test_working_directory=/var/folders/tr/lqmnj19d61l90sn6d14xhjtc0000gp/T/plugintest3634335605 test_terraform_path=/usr/local/bin/terraform test_name=TestAccResourceOktaAppUserSchemas_crud test_step_number=1 tf_provider_addr=registry.terraform.io/hashicorp/okta
2025-04-11T16:32:43.162+0530 [DEBUG] sdk.helper_resource: Created sdkv2 provider instance: tf_provider_addr=registry.terraform.io/hashicorp/okta test_working_directory=/var/folders/tr/lqmnj19d61l90sn6d14xhjtc0000gp/T/plugintest3634335605 test_terraform_path=/usr/local/bin/terraform test_name=TestAccResourceOktaAppUserSchemas_crud test_step_number=1
2025-04-11T16:32:43.162+0530 [DEBUG] sdk.helper_resource: Starting sdkv2 provider instance server: test_working_directory=/var/folders/tr/lqmnj19d61l90sn6d14xhjtc0000gp/T/plugintest3634335605 test_terraform_path=/usr/local/bin/terraform test_name=TestAccResourceOktaAppUserSchemas_crud test_step_number=1 tf_provider_addr=registry.terraform.io/hashicorp/okta
2025-04-11T16:32:43.163+0530 [DEBUG] sdk.helper_resource: Started sdkv2 provider instance server: test_working_directory=/var/folders/tr/lqmnj19d61l90sn6d14xhjtc0000gp/T/plugintest3634335605 test_terraform_path=/usr/local/bin/terraform test_name=TestAccResourceOktaAppUserSchemas_crud test_step_number=1 tf_provider_addr=registry.terraform.io/hashicorp/okta
2025/04/11 16:32:43 [INFO] Initializing Okta client
2025/04/11 16:32:43 [DEBUG] Okta API Request Details:
---[ REQUEST ]---------------------------------------
GET /api/v1/users/me HTTP/1.1
Host: dev-60385046.okta.com
User-Agent: okta-sdk-golang/4.1.1 golang/go1.24.0 darwin/arm64 okta-terraform/4.16.0
Accept: application/json
Authorization: SSWS 00xdaEX_-b5xknUrgW_w5yztgKTWPEkeZ1tPOHejBv
Accept-Encoding: gzip


-----------------------------------------------------
2025/04/11 16:32:44 [DEBUG] Okta API Response Details:
---[ RESPONSE ]--------------------------------------
HTTP/2.0 401 Unauthorized
Connection: close
Content-Type: application/json
Date: Fri, 11 Apr 2025 11:02:44 GMT
P3p: CP="HONK"
Server: nginx
Set-Cookie: sid="";Version=1;Path=/;Max-Age=0
Set-Cookie: xids="";Version=1;Path=/;Max-Age=0
Set-Cookie: autolaunch_triggered=""; Expires=Thu, 01 Jan 1970 00:00:10 GMT; Path=/
Set-Cookie: activate_ca_modal_triggered=""; Expires=Thu, 01 Jan 1970 00:00:10 GMT; Path=/
Strict-Transport-Security: max-age=315360000; includeSubDomains
Www-Authenticate: SSWS
X-Content-Type-Options: nosniff
X-Okta-Request-Id: c0f52dc7b49c23dde52cb9973945a96a
X-Xss-Protection: 0

{
 "errorCode": "E0000011",
 "errorSummary": "Invalid token provided",
 "errorLink": "E0000011",
 "errorId": "oaeYSepYVb4R5KsgBtmzuQXTQ",
 "errorCauses": []
}
-----------------------------------------------------
2025-04-11T16:32:44.263+0530 [ERROR] sdk.proto: Response contains error diagnostic: tf_provider_addr=registry.terraform.io/hashicorp/okta tf_rpc=Configure diagnostic_detail="" diagnostic_severity=ERROR diagnostic_summary="[ERROR] failed validate configuration: error with v3 SDK client: 401 Unauthorized" tf_proto_version=5.8 tf_req_id=2fee06d8-2999-d54d-a92b-8d1be5746e75
2025-04-11T16:32:44.265+0530 [WARN]  sdk.helper_resource: Error running Terraform CLI command: test_name=TestAccResourceOktaAppUserSchemas_crud
  error=
  | exit status 1
  | 
  | Error: Invalid provider configuration
  | 
  | Provider "registry.terraform.io/hashicorp/okta" requires explicit
  | configuration. Add a provider block to the root module and configure the
  | provider's required arguments as described in the provider documentation.
  | 
  | 
  | Error: [ERROR] failed validate configuration: error with v3 SDK client: 401 Unauthorized
  | 
  |   with provider["registry.terraform.io/hashicorp/okta"],
  |   on <empty> line 0:
  |   (source code not available)
  | 
   test_step_number=1 test_working_directory=/var/folders/tr/lqmnj19d61l90sn6d14xhjtc0000gp/T/plugintest3634335605 test_terraform_path=/usr/local/bin/terraform
2025-04-11T16:32:44.265+0530 [DEBUG] sdk.helper_resource: Stopping providers: test_working_directory=/var/folders/tr/lqmnj19d61l90sn6d14xhjtc0000gp/T/plugintest3634335605 test_terraform_path=/usr/local/bin/terraform test_name=TestAccResourceOktaAppUserSchemas_crud test_step_number=1
2025-04-11T16:32:44.265+0530 [DEBUG] sdk.helper_resource: Calling TestCase ErrorCheck: test_terraform_path=/usr/local/bin/terraform test_name=TestAccResourceOktaAppUserSchemas_crud test_step_number=1 test_working_directory=/var/folders/tr/lqmnj19d61l90sn6d14xhjtc0000gp/T/plugintest3634335605
2025-04-11T16:32:44.266+0530 [DEBUG] sdk.helper_resource: Called TestCase ErrorCheck: test_working_directory=/var/folders/tr/lqmnj19d61l90sn6d14xhjtc0000gp/T/plugintest3634335605 test_terraform_path=/usr/local/bin/terraform test_name=TestAccResourceOktaAppUserSchemas_crud test_step_number=1
2025-04-11T16:32:44.266+0530 [ERROR] sdk.helper_resource: Unexpected error: test_working_directory=/var/folders/tr/lqmnj19d61l90sn6d14xhjtc0000gp/T/plugintest3634335605 test_terraform_path=/usr/local/bin/terraform test_name=TestAccResourceOktaAppUserSchemas_crud test_step_number=1
  error=
  | Error running pre-apply refresh: exit status 1
  | 
  | Error: Invalid provider configuration
  | 
  | Provider "registry.terraform.io/hashicorp/okta" requires explicit
  | configuration. Add a provider block to the root module and configure the
  | provider's required arguments as described in the provider documentation.
  | 
  | 
  | Error: [ERROR] failed validate configuration: error with v3 SDK client: 401 Unauthorized
  | 
  |   with provider["registry.terraform.io/hashicorp/okta"],
  |   on <empty> line 0:
  |   (source code not available)
  | 
  
2025-04-11T16:32:44.266+0530 [DEBUG] sdk.helper_resource: Creating sdkv2 provider instance: test_working_directory=/var/folders/tr/lqmnj19d61l90sn6d14xhjtc0000gp/T/plugintest3634335605 test_terraform_path=/usr/local/bin/terraform test_name=TestAccResourceOktaAppUserSchemas_crud test_step_number=1 tf_provider_addr=registry.terraform.io/hashicorp/okta
2025-04-11T16:32:44.266+0530 [DEBUG] sdk.helper_resource: Created sdkv2 provider instance: test_step_number=1 test_working_directory=/var/folders/tr/lqmnj19d61l90sn6d14xhjtc0000gp/T/plugintest3634335605 test_terraform_path=/usr/local/bin/terraform test_name=TestAccResourceOktaAppUserSchemas_crud tf_provider_addr=registry.terraform.io/hashicorp/okta
2025-04-11T16:32:44.266+0530 [DEBUG] sdk.helper_resource: Starting sdkv2 provider instance server: test_terraform_path=/usr/local/bin/terraform test_name=TestAccResourceOktaAppUserSchemas_crud test_step_number=1 tf_provider_addr=registry.terraform.io/hashicorp/okta test_working_directory=/var/folders/tr/lqmnj19d61l90sn6d14xhjtc0000gp/T/plugintest3634335605
2025-04-11T16:32:44.266+0530 [DEBUG] sdk.helper_resource: Started sdkv2 provider instance server: test_name=TestAccResourceOktaAppUserSchemas_crud test_step_number=1 test_working_directory=/var/folders/tr/lqmnj19d61l90sn6d14xhjtc0000gp/T/plugintest3634335605 test_terraform_path=/usr/local/bin/terraform tf_provider_addr=registry.terraform.io/hashicorp/okta
2025-04-11T16:32:44.296+0530 [DEBUG] sdk.helper_resource: Stopping providers: test_step_number=1 test_working_directory=/var/folders/tr/lqmnj19d61l90sn6d14xhjtc0000gp/T/plugintest3634335605 test_terraform_path=/usr/local/bin/terraform test_name=TestAccResourceOktaAppUserSchemas_crud
2025-04-11T16:41:52.100+0530 [DEBUG] sdk.helper_resource: Starting TestCase: test_name=TestAccResourceOktaAppSaml_invalidURL
2025-04-11T16:41:52.100+0530 [DEBUG] sdk.helper_resource: Calling TestCase PreCheck: test_name=TestAccResourceOktaAppSaml_invalidURL
2025-04-11T16:41:52.100+0530 [DEBUG] sdk.helper_resource: Called TestCase PreCheck: test_name=TestAccResourceOktaAppSaml_invalidURL
2025-04-11T16:41:52.101+0530 [DEBUG] sdk.helper_resource: Found Terraform CLI: test_name=TestAccResourceOktaAppSaml_invalidURL test_terraform_path=/usr/local/bin/terraform
2025-04-11T16:41:52.129+0530 [DEBUG] sdk.helper_resource: Creating sdkv2 provider instance: test_name=TestAccResourceOktaAppSaml_invalidURL test_terraform_path=/usr/local/bin/terraform test_working_directory=/var/folders/tr/lqmnj19d61l90sn6d14xhjtc0000gp/T/plugintest4200469932 tf_provider_addr=registry.terraform.io/hashicorp/okta
2025-04-11T16:41:52.129+0530 [DEBUG] sdk.helper_resource: Created sdkv2 provider instance: test_name=TestAccResourceOktaAppSaml_invalidURL test_terraform_path=/usr/local/bin/terraform test_working_directory=/var/folders/tr/lqmnj19d61l90sn6d14xhjtc0000gp/T/plugintest4200469932 tf_provider_addr=registry.terraform.io/hashicorp/okta
2025-04-11T16:41:52.129+0530 [DEBUG] sdk.helper_resource: Starting sdkv2 provider instance server: test_working_directory=/var/folders/tr/lqmnj19d61l90sn6d14xhjtc0000gp/T/plugintest4200469932 tf_provider_addr=registry.terraform.io/hashicorp/okta test_name=TestAccResourceOktaAppSaml_invalidURL test_terraform_path=/usr/local/bin/terraform
2025-04-11T16:41:52.129+0530 [DEBUG] sdk.helper_resource: Started sdkv2 provider instance server: test_working_directory=/var/folders/tr/lqmnj19d61l90sn6d14xhjtc0000gp/T/plugintest4200469932 tf_provider_addr=registry.terraform.io/hashicorp/okta test_name=TestAccResourceOktaAppSaml_invalidURL test_terraform_path=/usr/local/bin/terraform
2025-04-11T16:41:52.154+0530 [DEBUG] sdk.helper_resource: Stopping providers: test_name=TestAccResourceOktaAppSaml_invalidURL test_terraform_path=/usr/local/bin/terraform test_working_directory=/var/folders/tr/lqmnj19d61l90sn6d14xhjtc0000gp/T/plugintest4200469932
2025-04-11T16:41:52.155+0530 [DEBUG] sdk.helper_resource: Starting TestSteps: test_name=TestAccResourceOktaAppSaml_invalidURL test_terraform_path=/usr/local/bin/terraform test_working_directory=/var/folders/tr/lqmnj19d61l90sn6d14xhjtc0000gp/T/plugintest4200469932
2025-04-11T16:41:52.155+0530 [DEBUG] sdk.helper_resource: Starting TestStep: test_terraform_path=/usr/local/bin/terraform test_working_directory=/var/folders/tr/lqmnj19d61l90sn6d14xhjtc0000gp/T/plugintest4200469932 test_step_number=1 test_name=TestAccResourceOktaAppSaml_invalidURL
2025-04-11T16:41:52.155+0530 [DEBUG] sdk.helper_resource: Creating sdkv2 provider instance: test_step_number=1 tf_provider_addr=registry.terraform.io/hashicorp/okta test_name=TestAccResourceOktaAppSaml_invalidURL test_terraform_path=/usr/local/bin/terraform test_working_directory=/var/folders/tr/lqmnj19d61l90sn6d14xhjtc0000gp/T/plugintest4200469932
2025-04-11T16:41:52.155+0530 [DEBUG] sdk.helper_resource: Created sdkv2 provider instance: tf_provider_addr=registry.terraform.io/hashicorp/okta test_terraform_path=/usr/local/bin/terraform test_working_directory=/var/folders/tr/lqmnj19d61l90sn6d14xhjtc0000gp/T/plugintest4200469932 test_step_number=1 test_name=TestAccResourceOktaAppSaml_invalidURL
2025-04-11T16:41:52.155+0530 [DEBUG] sdk.helper_resource: Starting sdkv2 provider instance server: test_name=TestAccResourceOktaAppSaml_invalidURL test_terraform_path=/usr/local/bin/terraform test_working_directory=/var/folders/tr/lqmnj19d61l90sn6d14xhjtc0000gp/T/plugintest4200469932 test_step_number=1 tf_provider_addr=registry.terraform.io/hashicorp/okta
2025-04-11T16:41:52.155+0530 [DEBUG] sdk.helper_resource: Started sdkv2 provider instance server: test_step_number=1 test_name=TestAccResourceOktaAppSaml_invalidURL test_terraform_path=/usr/local/bin/terraform tf_provider_addr=registry.terraform.io/hashicorp/okta test_working_directory=/var/folders/tr/lqmnj19d61l90sn6d14xhjtc0000gp/T/plugintest4200469932
2025/04/11 16:41:52 [INFO] Initializing Okta client
2025/04/11 16:41:52 [DEBUG] Okta API Request Details:
---[ REQUEST ]---------------------------------------
GET /api/v1/users/me HTTP/1.1
Host: dev-60385046.okta.com
User-Agent: okta-sdk-golang/4.1.1 golang/go1.24.0 darwin/arm64 okta-terraform/4.16.0
Accept: application/json
Authorization: SSWS 00xdaEX_-b5xknUrgW_w5yztgKTWPEkeZ1tPOHejBv
Accept-Encoding: gzip


-----------------------------------------------------
2025/04/11 16:41:53 [DEBUG] Okta API Response Details:
---[ RESPONSE ]--------------------------------------
HTTP/2.0 401 Unauthorized
Connection: close
Content-Type: application/json
Date: Fri, 11 Apr 2025 11:11:53 GMT
P3p: CP="HONK"
Server: nginx
Set-Cookie: sid="";Version=1;Path=/;Max-Age=0
Set-Cookie: xids="";Version=1;Path=/;Max-Age=0
Set-Cookie: autolaunch_triggered=""; Expires=Thu, 01 Jan 1970 00:00:10 GMT; Path=/
Set-Cookie: activate_ca_modal_triggered=""; Expires=Thu, 01 Jan 1970 00:00:10 GMT; Path=/
Strict-Transport-Security: max-age=315360000; includeSubDomains
Www-Authenticate: SSWS
X-Content-Type-Options: nosniff
X-Okta-Request-Id: f93a59cb6dc6b86afc8db7a6e6f158a7
X-Xss-Protection: 0

{
 "errorCode": "E0000011",
 "errorSummary": "Invalid token provided",
 "errorLink": "E0000011",
 "errorId": "oaey-F3Qc2fSBm6sChXmpjUmA",
 "errorCauses": []
}
-----------------------------------------------------
2025-04-11T16:41:53.282+0530 [ERROR] sdk.proto: Response contains error diagnostic: tf_req_id=cb116ae8-d729-571c-a50b-555fdd99f8b3 diagnostic_summary="[ERROR] failed validate configuration: error with v3 SDK client: 401 Unauthorized" diagnostic_detail="" diagnostic_severity=ERROR tf_provider_addr=registry.terraform.io/hashicorp/okta tf_proto_version=5.8 tf_rpc=Configure
2025-04-11T16:41:53.291+0530 [WARN]  sdk.helper_resource: Error running Terraform CLI command: test_name=TestAccResourceOktaAppSaml_invalidURL test_terraform_path=/usr/local/bin/terraform test_working_directory=/var/folders/tr/lqmnj19d61l90sn6d14xhjtc0000gp/T/plugintest4200469932 test_step_number=1
  error=
  | exit status 1
  | 
  | Error: Invalid provider configuration
  | 
  | Provider "registry.terraform.io/hashicorp/okta" requires explicit
  | configuration. Add a provider block to the root module and configure the
  | provider's required arguments as described in the provider documentation.
  | 
  | 
  | Error: [ERROR] failed validate configuration: error with v3 SDK client: 401 Unauthorized
  | 
  |   with provider["registry.terraform.io/hashicorp/okta"],
  |   on <empty> line 0:
  |   (source code not available)
  | 
  
2025-04-11T16:41:53.291+0530 [DEBUG] sdk.helper_resource: Stopping providers: test_name=TestAccResourceOktaAppSaml_invalidURL test_terraform_path=/usr/local/bin/terraform test_working_directory=/var/folders/tr/lqmnj19d61l90sn6d14xhjtc0000gp/T/plugintest4200469932 test_step_number=1
2025-04-11T16:41:53.292+0530 [DEBUG] sdk.helper_resource: Checking TestStep ExpectError: test_step_number=1 test_name=TestAccResourceOktaAppSaml_invalidURL test_terraform_path=/usr/local/bin/terraform test_working_directory=/var/folders/tr/lqmnj19d61l90sn6d14xhjtc0000gp/T/plugintest4200469932
2025-04-11T16:41:53.292+0530 [ERROR] sdk.helper_resource: Expected an error with pattern (Custom SAML applications must contain these fields): test_step_number=1
  error=
  | Error running pre-apply refresh: exit status 1
  | 
  | Error: Invalid provider configuration
  | 
  | Provider "registry.terraform.io/hashicorp/okta" requires explicit
  | configuration. Add a provider block to the root module and configure the
  | provider's required arguments as described in the provider documentation.
  | 
  | 
  | Error: [ERROR] failed validate configuration: error with v3 SDK client: 401 Unauthorized
  | 
  |   with provider["registry.terraform.io/hashicorp/okta"],
  |   on <empty> line 0:
  |   (source code not available)
  | 
   test_name=TestAccResourceOktaAppSaml_invalidURL test_terraform_path=/usr/local/bin/terraform test_working_directory=/var/folders/tr/lqmnj19d61l90sn6d14xhjtc0000gp/T/plugintest4200469932
2025-04-11T16:41:53.292+0530 [DEBUG] sdk.helper_resource: Creating sdkv2 provider instance: test_terraform_path=/usr/local/bin/terraform test_working_directory=/var/folders/tr/lqmnj19d61l90sn6d14xhjtc0000gp/T/plugintest4200469932 test_step_number=1 tf_provider_addr=registry.terraform.io/hashicorp/okta test_name=TestAccResourceOktaAppSaml_invalidURL
2025-04-11T16:41:53.292+0530 [DEBUG] sdk.helper_resource: Created sdkv2 provider instance: test_terraform_path=/usr/local/bin/terraform test_working_directory=/var/folders/tr/lqmnj19d61l90sn6d14xhjtc0000gp/T/plugintest4200469932 test_step_number=1 tf_provider_addr=registry.terraform.io/hashicorp/okta test_name=TestAccResourceOktaAppSaml_invalidURL
2025-04-11T16:41:53.292+0530 [DEBUG] sdk.helper_resource: Starting sdkv2 provider instance server: test_name=TestAccResourceOktaAppSaml_invalidURL test_terraform_path=/usr/local/bin/terraform test_working_directory=/var/folders/tr/lqmnj19d61l90sn6d14xhjtc0000gp/T/plugintest4200469932 test_step_number=1 tf_provider_addr=registry.terraform.io/hashicorp/okta
2025-04-11T16:41:53.293+0530 [DEBUG] sdk.helper_resource: Started sdkv2 provider instance server: test_name=TestAccResourceOktaAppSaml_invalidURL test_terraform_path=/usr/local/bin/terraform test_working_directory=/var/folders/tr/lqmnj19d61l90sn6d14xhjtc0000gp/T/plugintest4200469932 test_step_number=1 tf_provider_addr=registry.terraform.io/hashicorp/okta
2025-04-11T16:41:53.337+0530 [DEBUG] sdk.helper_resource: Stopping providers: test_working_directory=/var/folders/tr/lqmnj19d61l90sn6d14xhjtc0000gp/T/plugintest4200469932 test_step_number=1 test_name=TestAccResourceOktaAppSaml_invalidURL test_terraform_path=/usr/local/bin/terraform
2025-04-11T16:52:48.209+0530 [DEBUG] sdk.helper_resource: Starting TestCase: test_name=TestAccResourceOktaAppSaml_crud
2025-04-11T16:52:48.209+0530 [DEBUG] sdk.helper_resource: Calling TestCase PreCheck: test_name=TestAccResourceOktaAppSaml_crud
2025-04-11T16:52:48.209+0530 [DEBUG] sdk.helper_resource: Called TestCase PreCheck: test_name=TestAccResourceOktaAppSaml_crud
2025-04-11T16:52:48.209+0530 [DEBUG] sdk.helper_resource: Found Terraform CLI: test_name=TestAccResourceOktaAppSaml_crud test_terraform_path=/usr/local/bin/terraform
2025-04-11T16:52:48.237+0530 [DEBUG] sdk.helper_resource: Creating sdkv2 provider instance: test_name=TestAccResourceOktaAppSaml_crud test_terraform_path=/usr/local/bin/terraform test_working_directory=/var/folders/tr/lqmnj19d61l90sn6d14xhjtc0000gp/T/plugintest4030802695 tf_provider_addr=registry.terraform.io/hashicorp/okta
2025-04-11T16:52:48.237+0530 [DEBUG] sdk.helper_resource: Created sdkv2 provider instance: test_terraform_path=/usr/local/bin/terraform test_working_directory=/var/folders/tr/lqmnj19d61l90sn6d14xhjtc0000gp/T/plugintest4030802695 test_name=TestAccResourceOktaAppSaml_crud tf_provider_addr=registry.terraform.io/hashicorp/okta
2025-04-11T16:52:48.237+0530 [DEBUG] sdk.helper_resource: Starting sdkv2 provider instance server: test_name=TestAccResourceOktaAppSaml_crud test_terraform_path=/usr/local/bin/terraform test_working_directory=/var/folders/tr/lqmnj19d61l90sn6d14xhjtc0000gp/T/plugintest4030802695 tf_provider_addr=registry.terraform.io/hashicorp/okta
2025-04-11T16:52:48.237+0530 [DEBUG] sdk.helper_resource: Started sdkv2 provider instance server: test_terraform_path=/usr/local/bin/terraform test_working_directory=/var/folders/tr/lqmnj19d61l90sn6d14xhjtc0000gp/T/plugintest4030802695 tf_provider_addr=registry.terraform.io/hashicorp/okta test_name=TestAccResourceOktaAppSaml_crud
2025-04-11T16:52:48.261+0530 [DEBUG] sdk.helper_resource: Stopping providers: test_name=TestAccResourceOktaAppSaml_crud test_terraform_path=/usr/local/bin/terraform test_working_directory=/var/folders/tr/lqmnj19d61l90sn6d14xhjtc0000gp/T/plugintest4030802695
2025-04-11T16:52:48.262+0530 [DEBUG] sdk.helper_resource: Starting TestSteps: test_name=TestAccResourceOktaAppSaml_crud test_terraform_path=/usr/local/bin/terraform test_working_directory=/var/folders/tr/lqmnj19d61l90sn6d14xhjtc0000gp/T/plugintest4030802695
2025-04-11T16:52:48.262+0530 [DEBUG] sdk.helper_resource: Starting TestStep: test_name=TestAccResourceOktaAppSaml_crud test_terraform_path=/usr/local/bin/terraform test_working_directory=/var/folders/tr/lqmnj19d61l90sn6d14xhjtc0000gp/T/plugintest4030802695 test_step_number=1
2025-04-11T16:52:48.262+0530 [DEBUG] sdk.helper_resource: Creating sdkv2 provider instance: test_working_directory=/var/folders/tr/lqmnj19d61l90sn6d14xhjtc0000gp/T/plugintest4030802695 test_step_number=1 tf_provider_addr=registry.terraform.io/hashicorp/okta test_name=TestAccResourceOktaAppSaml_crud test_terraform_path=/usr/local/bin/terraform
2025-04-11T16:52:48.262+0530 [DEBUG] sdk.helper_resource: Created sdkv2 provider instance: tf_provider_addr=registry.terraform.io/hashicorp/okta test_name=TestAccResourceOktaAppSaml_crud test_terraform_path=/usr/local/bin/terraform test_working_directory=/var/folders/tr/lqmnj19d61l90sn6d14xhjtc0000gp/T/plugintest4030802695 test_step_number=1
2025-04-11T16:52:48.262+0530 [DEBUG] sdk.helper_resource: Starting sdkv2 provider instance server: test_terraform_path=/usr/local/bin/terraform test_working_directory=/var/folders/tr/lqmnj19d61l90sn6d14xhjtc0000gp/T/plugintest4030802695 test_step_number=1 test_name=TestAccResourceOktaAppSaml_crud tf_provider_addr=registry.terraform.io/hashicorp/okta
2025-04-11T16:52:48.262+0530 [DEBUG] sdk.helper_resource: Started sdkv2 provider instance server: test_working_directory=/var/folders/tr/lqmnj19d61l90sn6d14xhjtc0000gp/T/plugintest4030802695 test_step_number=1 test_name=TestAccResourceOktaAppSaml_crud test_terraform_path=/usr/local/bin/terraform tf_provider_addr=registry.terraform.io/hashicorp/okta
2025/04/11 16:52:48 [INFO] Initializing Okta client
2025/04/11 16:52:48 [DEBUG] Okta API Request Details:
---[ REQUEST ]---------------------------------------
GET /api/v1/users/me HTTP/1.1
Host: dev-60385046.okta.com
User-Agent: okta-sdk-golang/4.1.1 golang/go1.24.0 darwin/arm64 okta-terraform/4.16.0
Accept: application/json
Authorization: SSWS 00xdaEX_-b5xknUrgW_w5yztgKTWPEkeZ1tPOHejBv
Accept-Encoding: gzip


-----------------------------------------------------
2025/04/11 16:52:49 [DEBUG] Okta API Response Details:
---[ RESPONSE ]--------------------------------------
HTTP/2.0 401 Unauthorized
Connection: close
Content-Type: application/json
Date: Fri, 11 Apr 2025 11:22:49 GMT
P3p: CP="HONK"
Server: nginx
Set-Cookie: sid="";Version=1;Path=/;Max-Age=0
Set-Cookie: xids="";Version=1;Path=/;Max-Age=0
Set-Cookie: autolaunch_triggered=""; Expires=Thu, 01 Jan 1970 00:00:10 GMT; Path=/
Set-Cookie: activate_ca_modal_triggered=""; Expires=Thu, 01 Jan 1970 00:00:10 GMT; Path=/
Strict-Transport-Security: max-age=315360000; includeSubDomains
Www-Authenticate: SSWS
X-Content-Type-Options: nosniff
X-Okta-Request-Id: c462422fe9518b194ffccadf5ed4e779
X-Xss-Protection: 0

{
 "errorCode": "E0000011",
 "errorSummary": "Invalid token provided",
 "errorLink": "E0000011",
 "errorId": "oaeIWzdhUcaTFqLIYK3_gUVUQ",
 "errorCauses": []
}
-----------------------------------------------------
2025-04-11T16:52:49.456+0530 [ERROR] sdk.proto: Response contains error diagnostic: tf_provider_addr=registry.terraform.io/hashicorp/okta tf_proto_version=5.8 tf_rpc=Configure diagnostic_detail="" diagnostic_severity=ERROR diagnostic_summary="[ERROR] failed validate configuration: error with v3 SDK client: 401 Unauthorized" tf_req_id=d991832c-e9c2-7e2d-2ae8-62c45f986a7d
2025-04-11T16:52:49.466+0530 [WARN]  sdk.helper_resource: Error running Terraform CLI command: test_name=TestAccResourceOktaAppSaml_crud test_terraform_path=/usr/local/bin/terraform test_working_directory=/var/folders/tr/lqmnj19d61l90sn6d14xhjtc0000gp/T/plugintest4030802695 test_step_number=1
  error=
  | exit status 1
  | 
  | Error: Invalid provider configuration
  | 
  | Provider "registry.terraform.io/hashicorp/okta" requires explicit
  | configuration. Add a provider block to the root module and configure the
  | provider's required arguments as described in the provider documentation.
  | 
  | 
  | Error: [ERROR] failed validate configuration: error with v3 SDK client: 401 Unauthorized
  | 
  |   with provider["registry.terraform.io/hashicorp/okta"],
  |   on <empty> line 0:
  |   (source code not available)
  | 
  
2025-04-11T16:52:49.466+0530 [DEBUG] sdk.helper_resource: Stopping providers: test_name=TestAccResourceOktaAppSaml_crud test_terraform_path=/usr/local/bin/terraform test_working_directory=/var/folders/tr/lqmnj19d61l90sn6d14xhjtc0000gp/T/plugintest4030802695 test_step_number=1
2025-04-11T16:52:49.467+0530 [DEBUG] sdk.helper_resource: Calling TestCase ErrorCheck: test_name=TestAccResourceOktaAppSaml_crud test_terraform_path=/usr/local/bin/terraform test_working_directory=/var/folders/tr/lqmnj19d61l90sn6d14xhjtc0000gp/T/plugintest4030802695 test_step_number=1
2025-04-11T16:52:49.467+0530 [DEBUG] sdk.helper_resource: Called TestCase ErrorCheck: test_step_number=1 test_name=TestAccResourceOktaAppSaml_crud test_terraform_path=/usr/local/bin/terraform test_working_directory=/var/folders/tr/lqmnj19d61l90sn6d14xhjtc0000gp/T/plugintest4030802695
2025-04-11T16:52:49.467+0530 [ERROR] sdk.helper_resource: Unexpected error: test_name=TestAccResourceOktaAppSaml_crud test_terraform_path=/usr/local/bin/terraform test_working_directory=/var/folders/tr/lqmnj19d61l90sn6d14xhjtc0000gp/T/plugintest4030802695 test_step_number=1
  error=
  | Error running pre-apply refresh: exit status 1
  | 
  | Error: Invalid provider configuration
  | 
  | Provider "registry.terraform.io/hashicorp/okta" requires explicit
  | configuration. Add a provider block to the root module and configure the
  | provider's required arguments as described in the provider documentation.
  | 
  | 
  | Error: [ERROR] failed validate configuration: error with v3 SDK client: 401 Unauthorized
  | 
  |   with provider["registry.terraform.io/hashicorp/okta"],
  |   on <empty> line 0:
  |   (source code not available)
  | 
  
2025-04-11T16:52:49.467+0530 [DEBUG] sdk.helper_resource: Creating sdkv2 provider instance: test_working_directory=/var/folders/tr/lqmnj19d61l90sn6d14xhjtc0000gp/T/plugintest4030802695 test_step_number=1 test_name=TestAccResourceOktaAppSaml_crud test_terraform_path=/usr/local/bin/terraform tf_provider_addr=registry.terraform.io/hashicorp/okta
2025-04-11T16:52:49.467+0530 [DEBUG] sdk.helper_resource: Created sdkv2 provider instance: test_working_directory=/var/folders/tr/lqmnj19d61l90sn6d14xhjtc0000gp/T/plugintest4030802695 test_step_number=1 test_name=TestAccResourceOktaAppSaml_crud test_terraform_path=/usr/local/bin/terraform tf_provider_addr=registry.terraform.io/hashicorp/okta
2025-04-11T16:52:49.467+0530 [DEBUG] sdk.helper_resource: Starting sdkv2 provider instance server: test_step_number=1 test_name=TestAccResourceOktaAppSaml_crud test_terraform_path=/usr/local/bin/terraform test_working_directory=/var/folders/tr/lqmnj19d61l90sn6d14xhjtc0000gp/T/plugintest4030802695 tf_provider_addr=registry.terraform.io/hashicorp/okta
2025-04-11T16:52:49.469+0530 [DEBUG] sdk.helper_resource: Started sdkv2 provider instance server: test_terraform_path=/usr/local/bin/terraform test_working_directory=/var/folders/tr/lqmnj19d61l90sn6d14xhjtc0000gp/T/plugintest4030802695 test_step_number=1 tf_provider_addr=registry.terraform.io/hashicorp/okta test_name=TestAccResourceOktaAppSaml_crud
2025-04-11T16:52:49.509+0530 [DEBUG] sdk.helper_resource: Stopping providers: test_name=TestAccResourceOktaAppSaml_crud test_terraform_path=/usr/local/bin/terraform test_working_directory=/var/folders/tr/lqmnj19d61l90sn6d14xhjtc0000gp/T/plugintest4030802695 test_step_number=1
